{
  "_index": "failure-1531848256632",
  "_type": "t",
  "_id": "kFA9GGcByIhbj4InD-j3",
  "_version": 1,
  "_score": null,
  "_source": {
    "error-type": "failure",
    "time": "2018-11-15T16:38:30.251Z",
    "type": "org.scalatest.exceptions.TestFailedException",
    "summary": "FAILURE SaaSDeploymentTemplatesV0ProxyRoutesSpec Base path: /api/v0/v1-regions and domain of the user is [aws] when region is [aws-eu-central-1] should have the right deployment templates",
    "build-id": "20181115163019-633FBF09",
    "org": "elastic",
    "project": "cloud",
    "class": "co.elastic.cloud.legacy.saas.v1proxy.deployment.templates.SaaSDeploymentTemplatesV0ProxyRoutesSpec",
    "stacktrace": "org.scalatest.exceptions.TestFailedException: List(\"deeb1f990a5f4464a898f8ed72e1107b\") had length 1 instead of expected length 2\n\tat org.scalatest.MatchersHelper$.indicateFailure(MatchersHelper.scala:346)\n\tat org.scalatest.Matchers$ResultOfHaveWordForExtent.length(Matchers.scala:2685)\n\tat co.elastic.cloud.legacy.saas.v1proxy.deployment.templates.SaaSDeploymentTemplatesV0ProxyRoutesSpec$$anonfun$1$$anonfun$apply$1$$anonfun$apply$mcV$sp$2$$anonfun$apply$2$$anonfun$apply$mcV$sp$3$$anonfun$apply$3$$anonfun$apply$mcV$sp$1.apply$mcV$sp(SaaSDeploymentTemplatesV0ProxyRoutesSpec.scala:79)\n\tat co.elastic.cloud.legacy.saas.v1proxy.deployment.templates.SaaSDeploymentTemplatesV0ProxyRoutesSpec$$anonfun$1$$anonfun$apply$1$$anonfun$apply$mcV$sp$2$$anonfun$apply$2$$anonfun$apply$mcV$sp$3$$anonfun$apply$3$$anonfun$apply$mcV$sp$1.apply(SaaSDeploymentTemplatesV0ProxyRoutesSpec.scala:69)\n\tat co.elastic.cloud.legacy.saas.v1proxy.deployment.templates.SaaSDeploymentTemplatesV0ProxyRoutesSpec$$anonfun$1$$anonfun$apply$1$$anonfun$apply$mcV$sp$2$$anonfun$apply$2$$anonfun$apply$mcV$sp$3$$anonfun$apply$3$$anonfun$apply$mcV$sp$1.apply(SaaSDeploymentTemplatesV0ProxyRoutesSpec.scala:69)\n\tat org.scalatest.OutcomeOf$class.outcomeOf(OutcomeOf.scala:85)\n\tat org.scalatest.OutcomeOf$.outcomeOf(OutcomeOf.scala:104)\n\tat org.scalatest.Transformer.apply(Transformer.scala:22)\n\tat org.scalatest.Transformer.apply(Transformer.scala:20)\n\tat org.scalatest.FunSpecLike$$anon$1.apply(FunSpecLike.scala:454)\n\tat org.scalatest.TestSuite$class.withFixture(TestSuite.scala:196)\n\tat org.scalatest.FunSpec.withFixture(FunSpec.scala:1630)\n\tat org.scalatest.FunSpecLike$class.invokeWithFixture$1(FunSpecLike.scala:451)\n\tat org.scalatest.FunSpecLike$$anonfun$runTest$1.apply(FunSpecLike.scala:464)\n\tat org.scalatest.FunSpecLike$$anonfun$runTest$1.apply(FunSpecLike.scala:464)\n\tat org.scalatest.SuperEngine.runTestImpl(Engine.scala:289)\n\tat org.scalatest.FunSpecLike$class.runTest(FunSpecLike.scala:464)\n\tat co.elastic.cloud.legacy.saas.v1proxy.deployment.templates.SaaSDeploymentTemplatesV0ProxyRoutesSpec.org$scalatest$BeforeAndAfter$$super$runTest(SaaSDeploymentTemplatesV0ProxyRoutesSpec.scala:13)\n\tat org.scalatest.BeforeAndAfter$class.runTest(BeforeAndAfter.scala:203)\n\tat co.elastic.cloud.legacy.saas.v1proxy.deployment.templates.SaaSDeploymentTemplatesV0ProxyRoutesSpec.org$scalatest$BeforeAndAfterEach$$super$runTest(SaaSDeploymentTemplatesV0ProxyRoutesSpec.scala:13)\n\tat org.scalatest.BeforeAndAfterEach$class.runTest(BeforeAndAfterEach.scala:221)\n\tat co.elastic.cloud.legacy.saas.v1proxy.deployment.templates.SaaSDeploymentTemplatesV0ProxyRoutesSpec.runTest(SaaSDeploymentTemplatesV0ProxyRoutesSpec.scala:13)\n\tat org.scalatest.FunSpecLike$$anonfun$runTests$1.apply(FunSpecLike.scala:497)\n\tat org.scalatest.FunSpecLike$$anonfun$runTests$1.apply(FunSpecLike.scala:497)\n\tat org.scalatest.SuperEngine$$anonfun$traverseSubNodes$1$1.apply(Engine.scala:396)\n\tat org.scalatest.SuperEngine$$anonfun$traverseSubNodes$1$1.apply(Engine.scala:384)\n\tat scala.collection.immutable.List.foreach(List.scala:392)\n\tat org.scalatest.SuperEngine.traverseSubNodes$1(Engine.scala:384)\n\tat org.scalatest.SuperEngine.org$scalatest$SuperEngine$$runTestsInBranch(Engine.scala:373)\n\tat org.scalatest.SuperEngine$$anonfun$traverseSubNodes$1$1.apply(Engine.scala:410)\n\tat org.scalatest.SuperEngine$$anonfun$traverseSubNodes$1$1.apply(Engine.scala:384)\n\tat scala.collection.immutable.List.foreach(List.scala:392)\n\tat org.scalatest.SuperEngine.traverseSubNodes$1(Engine.scala:384)\n\tat org.scalatest.SuperEngine.org$scalatest$SuperEngine$$runTestsInBranch(Engine.scala:373)\n\tat org.scalatest.SuperEngine$$anonfun$traverseSubNodes$1$1.apply(Engine.scala:410)\n\tat org.scalatest.SuperEngine$$anonfun$traverseSubNodes$1$1.apply(Engine.scala:384)\n\tat scala.collection.immutable.List.foreach(List.scala:392)\n\tat org.scalatest.SuperEngine.traverseSubNodes$1(Engine.scala:384)\n\tat org.scalatest.SuperEngine.org$scalatest$SuperEngine$$runTestsInBranch(Engine.scala:373)\n\tat org.scalatest.SuperEngine$$anonfun$traverseSubNodes$1$1.apply(Engine.scala:410)\n\tat org.scalatest.SuperEngine$$anonfun$traverseSubNodes$1$1.apply(Engine.scala:384)\n\tat scala.collection.immutable.List.foreach(List.scala:392)\n\tat org.scalatest.SuperEngine.traverseSubNodes$1(Engine.scala:384)\n\tat org.scalatest.SuperEngine.org$scalatest$SuperEngine$$runTestsInBranch(Engine.scala:379)\n\tat org.scalatest.SuperEngine.runTestsImpl(Engine.scala:461)\n\tat org.scalatest.FunSpecLike$class.runTests(FunSpecLike.scala:497)\n\tat org.scalatest.FunSpec.runTests(FunSpec.scala:1630)\n\tat org.scalatest.Suite$class.run(Suite.scala:1147)\n\tat org.scalatest.FunSpec.org$scalatest$FunSpecLike$$super$run(FunSpec.scala:1630)\n\tat org.scalatest.FunSpecLike$$anonfun$run$1.apply(FunSpecLike.scala:501)\n\tat org.scalatest.FunSpecLike$$anonfun$run$1.apply(FunSpecLike.scala:501)\n\tat org.scalatest.SuperEngine.runImpl(Engine.scala:521)\n\tat org.scalatest.FunSpecLike$class.run(FunSpecLike.scala:501)\n\tat co.elastic.cloud.legacy.saas.v1proxy.deployment.templates.SaaSDeploymentTemplatesV0ProxyRoutesSpec.org$scalatest$BeforeAndAfter$$super$run(SaaSDeploymentTemplatesV0ProxyRoutesSpec.scala:13)\n\tat org.scalatest.BeforeAndAfter$class.run(BeforeAndAfter.scala:258)\n\tat co.elastic.cloud.legacy.saas.v1proxy.deployment.templates.SaaSDeploymentTemplatesV0ProxyRoutesSpec.org$scalatest$BeforeAndAfterAll$$super$run(SaaSDeploymentTemplatesV0ProxyRoutesSpec.scala:13)\n\tat org.scalatest.BeforeAndAfterAll$class.liftedTree1$1(BeforeAndAfterAll.scala:213)\n\tat org.scalatest.BeforeAndAfterAll$class.run(BeforeAndAfterAll.scala:210)\n\tat co.elastic.cloud.legacy.saas.v1proxy.deployment.templates.SaaSDeploymentTemplatesV0ProxyRoutesSpec.run(SaaSDeploymentTemplatesV0ProxyRoutesSpec.scala:13)\n\tat org.scalatest.tools.Framework.org$scalatest$tools$Framework$$runSuite(Framework.scala:314)\n\tat org.scalatest.tools.Framework$ScalaTestTask.execute(Framework.scala:480)\n\tat sbt.TestRunner.runTest$1(TestFramework.scala:113)\n\tat sbt.TestRunner.run(TestFramework.scala:124)\n\tat sbt.TestFramework$$anon$2$$anonfun$$lessinit$greater$1.$anonfun$apply$1(TestFramework.scala:282)\n\tat sbt.TestFramework$.sbt$TestFramework$$withContextLoader(TestFramework.scala:246)\n\tat sbt.TestFramework$$anon$2$$anonfun$$lessinit$greater$1.apply(TestFramework.scala:282)\n\tat sbt.TestFramework$$anon$2$$anonfun$$lessinit$greater$1.apply(TestFramework.scala:282)\n\tat sbt.TestFunction.apply(TestFramework.scala:294)\n\tat sbt.Tests$.$anonfun$toTask$1(Tests.scala:309)\n\tat sbt.std.Transform$$anon$3.$anonfun$apply$2(System.scala:46)\n\tat sbt.std.Transform$$anon$4.work(System.scala:67)\n\tat sbt.Execute.$anonfun$submit$2(Execute.scala:269)\n\tat sbt.internal.util.ErrorHandling$.wideConvert(ErrorHandling.scala:16)\n\tat sbt.Execute.work(Execute.scala:278)\n\tat sbt.Execute.$anonfun$submit$1(Execute.scala:269)\n\tat sbt.ConcurrentRestrictions$$anon$4.$anonfun$submitValid$1(ConcurrentRestrictions.scala:178)\n\tat sbt.CompletionService$$anon$2.call(CompletionService.scala:37)\n\tat java.util.concurrent.FutureTask.run(FutureTask.java:266)\n\tat java.util.concurrent.Executors$RunnableAdapter.call(Executors.java:511)\n\tat java.util.concurrent.FutureTask.run(FutureTask.java:266)\n\tat java.util.concurrent.ThreadPoolExecutor.runWorker(ThreadPoolExecutor.java:1149)\n\tat java.util.concurrent.ThreadPoolExecutor$Worker.run(ThreadPoolExecutor.java:624)\n\tat java.lang.Thread.run(Thread.java:748)\n",
    "branch": "master",
    "test": "Base path: /api/v0/v1-regions and domain of the user is [aws] when region is [aws-eu-central-1] should have the right deployment templates",
    "message": "List(\"deeb1f990a5f4464a898f8ed72e1107b\") had length 1 instead of expected length 2"
  },
  "fields": {
    "build_url": [
      "https://build-stats.elastic.co/app/kibana#/doc/b646ed00-7efc-11e8-bf69-63c8ef516157/build-*/t?id=20181115163019-633FBF09"
    ],
    "time": [
      "2018-11-15T16:38:30.251Z"
    ]
  },
  "sort": [
    1542299910251
  ]
}