{
  "id" : "8af6681b-d3a1-4a7e-9a4f-217d6ff17541",
  "name" : "blue_rest_organizations_jenkins_pipelines_it_getbuildinfojsonfiles_abort_runs_1_log",
  "request" : {
    "url" : "/blue/rest/organizations/jenkins/pipelines/it/getBuildInfoJsonFiles/abort/runs/1/log/",
    "method" : "GET"
  },
  "response" : {
    "status" : 200,
    "body" : "Started by user unknown or anonymous\r\nRunning in Durability level: MAX_SURVIVABILITY\r\nLoading library apm@current\r\nFSSCM.checkout /var/pipeline-library to /var/jenkins_home/workspace/it/getBuildInfoJsonFiles/abort@libs/apm\r\nNew file: build-info.json\r\nModified file: vars/sendDataToElasticsearch.groovy\r\nModified file: vars/githubPrComment.txt\r\nModified file: vars/notifyBuildResult.txt\r\nModified file: vars/getBuildInfoJsonFiles.groovy\r\nModified file: vars/README.md\r\nModified file: vars/githubPrCheckApproved.groovy\r\nModified file: vars/notifyBuildResult.groovy\r\nModified file: vars/githubPrComment.groovy\r\nModified file: CHANGELOG.md\r\nNew file: pipeline-log-summary.txt\r\nModified file: resources/groovy-html-custom.template\r\nModified file: resources/scripts/generate-build-data.sh\r\nNew file: resources/github-comment-markdown.template\r\nNew file: job-info.json\r\nModified file: pom.xml\r\nNew file: local/local.pid\r\nModified file: local/local.log\r\nModified file: local/configs/jenkins.yaml\r\nNew file: steps-errors.json\r\nNew file: artifacts-info.json\r\nNew file: tests-summary.json\r\nNew file: pipeline-log.txt\r\nNew file: changeSet-info.json\r\nNew file: tests-info.json\r\nNew file: steps-info.json\r\nNew file: tests-errors.json\r\nNew file: build-report.json\r\nNew file: src/test/docker/generate-build-data/db.json\r\nNew file: src/test/docker/generate-build-data/success.routes\r\nNew file: src/test/docker/generate-build-data/success.json\r\nNew file: src/test/docker/generate-build-data/README.md\r\nNew file: src/test/docker/generate-build-data/all.sh\r\nModified file: src/test/resources/tests-errors.json\r\nModified file: src/test/groovy/GetGithubTokenStepTests.groovy\r\nModified file: src/test/groovy/GetBuildInfoJsonFilesStepTests.groovy\r\nModified file: src/test/groovy/GithubPrCommentStepTests.groovy\r\nModified file: src/test/groovy/GithubPrCheckApprovedStepTests.groovy\r\nModified file: src/test/groovy/EchoColorStepTests.groovy\r\nNew file: src/test/groovy/WhireTest.groovy\r\nModified file: src/test/groovy/co/elastic/mock/PullRequestMock.groovy\r\nModified file: src/test/groovy/co/elastic/TestUtils.groovy\r\nModified file: src/test/groovy/ApmBasePipelineTest.groovy\r\nModified file: src/test/groovy/NotifyBuildResultStepTests.groovy\r\nModified file: src/test/groovy/NotificationManagerStepTests.groovy\r\nModified file: src/test/groovy/GitCheckoutStepTests.groovy\r\nModified file: src/co/elastic/NotificationManager.groovy\r\nDeleted file: nohup.out\r\n\r\nFSSCM.check completed in 8.35 seconds\r\nExcluding src/test/ from checkout of hudson.plugins.filesystem_scm.FSSCM so that shared library test code cannot be accessed by Pipelines.\r\nTo remove this log message, move the test code outside of src/. To restore the previous behavior that allowed access to files in src/test/, pass -Dorg.jenkinsci.plugins.workflow.libs.SCMSourceRetriever.INCLUDE_SRC_TEST_IN_LIBRARIES=true to the java command used to start Jenkins.\r\n[Pipeline] Start of Pipeline\r\n[Pipeline] node\r\nRunning on local in /tmp/workspace/it/getBuildInfoJsonFiles/abort\r\n[Pipeline] {\r\n[Pipeline] timeout\r\nTimeout set to expire in 10 sec\r\n[Pipeline] {\r\n[Pipeline] stage\r\n[Pipeline] { (timeout)\r\n[Pipeline] sleep\r\nSleeping for 30 sec\r\nCancelling nested steps due to timeout\r\n[Pipeline] }\r\n[Pipeline] // stage\r\n[Pipeline] stage\r\n[Pipeline] { (Declarative: Post Actions)\r\n[Pipeline] deleteDir\r\n[Pipeline] isUnix\r\n[Pipeline] libraryResource\r\n[Pipeline] writeFile\r\n[Pipeline] sh\r\n+ chmod 755 generate-build-data.sh\r\n+ ./generate-build-data.sh http://localhost:18080/blue/rest/organizations/jenkins/pipelines/it/getBuildInfoJsonFiles/abort/ http://localhost:18080/blue/rest/organizations/jenkins/pipelines/it/getBuildInfoJsonFiles/abort/runs/1 ABORTED 33893\r\nINFO: curl http://localhost:18080/blue/rest/organizations/jenkins/pipelines/it/getBuildInfoJsonFiles/abort/runs/1/steps/?limit=10000 -o steps-info.json\r\nINFO: curl http://localhost:18080/blue/rest/organizations/jenkins/pipelines/it/getBuildInfoJsonFiles/abort/runs/1/tests/?status=FAILED -o tests-errors.json\r\njq: error (at tests-errors.json:4): Cannot index string with string \"_links\"\r\njq: error (at tests-errors.json:4): Cannot index string with string \"_class\"\r\njq: error (at tests-errors.json:4): Cannot index string with string \"state\"\r\njq: error (at tests-errors.json:4): Cannot index string with string \"hasStdLog\"\r\njq: error (at tests-errors.json:4): Cannot index string with string \"errorStackTrace\"\r\nINFO: curl http://localhost:18080/blue/rest/organizations/jenkins/pipelines/it/getBuildInfoJsonFiles/abort/runs/1/log/ -o pipeline-log.txt\r\nINFO: curl http://localhost:18080/blue/rest/organizations/jenkins/pipelines/it/getBuildInfoJsonFiles/abort// -o job-info.json\r\nINFO: curl http://localhost:18080/blue/rest/organizations/jenkins/pipelines/it/getBuildInfoJsonFiles/abort/runs/1/blueTestSummary/ -o tests-summary.json\r\nINFO: curl http://localhost:18080/blue/rest/organizations/jenkins/pipelines/it/getBuildInfoJsonFiles/abort/runs/1/changeSet/ -o changeSet-info.json\r\nINFO: fetchAndPrepareArtifactsInfo (see artifacts-info.json)\r\nINFO: curl http://localhost:18080/blue/rest/organizations/jenkins/pipelines/it/getBuildInfoJsonFiles/abort/runs/1/artifacts/ -o artifacts-info.json\r\nINFO: fetchAndPrepareTestsInfo (see tests-info.json)\r\nINFO: curl http://localhost:18080/blue/rest/organizations/jenkins/pipelines/it/getBuildInfoJsonFiles/abort/runs/1/tests/?limit=10000000 -o tests-info.json\r\njq: error (at tests-info.json:4): Cannot index string with string \"_links\"\r\njq: error (at tests-info.json:4): Cannot index string with string \"_class\"\r\njq: error (at tests-info.json:4): Cannot index string with string \"state\"\r\njq: error (at tests-info.json:4): Cannot index string with string \"hasStdLog\"\r\njq: error (at tests-info.json:4): Cannot index string with string \"errorStackTrace\"\r\nINFO: fetchAndPrepareBuildInfo (see build-info.json)\r\nINFO: curl http://localhost:18080/blue/rest/organizations/jenkins/pipelines/it/getBuildInfoJsonFiles/abort/runs/1/ -o build-info.json\r\n[Pipeline] archiveArtifacts\r\nArchiving artifacts\r\n[Pipeline] sh\r\n+ jq .build.result build-report.json\r\n+ grep ABORTED\r\n\"ABORTED\"\r\n+ jq .build.state build-report.json\r\n+ grep FINISHED\r\n\"FINISHED\"\r\n+ jq .test_summary.total build-report.json\r\n+ grep 0\r\n0\r\n+ '[' -e artifacts-info.json ']'\r\n+ echo yeah\r\nyeah\r\n+ '[' -e changeSet-info.json ']'\r\n+ echo yeah\r\nyeah\r\n+ '[' -e job-info.json ']'\r\n+ echo yeah\r\nyeah\r\n+ '[' -e tests-summary.json ']'\r\n+ echo yeah\r\nyeah\r\n+ '[' -e tests-info.json ']'\r\n+ echo yeah\r\nyeah\r\n[Pipeline] }\r\n[Pipeline] // stage\r\n[Pipeline] }\r\n[Pipeline] // timeout\r\n[Pipeline] }\r\n[Pipeline] // node\r\n[Pipeline] End of Pipeline\r\nTimeout has been exceeded\r\nFinished: ABORTED\r\n",
    "headers" : {
      "Date" : "Thu, 30 Apr 2020 11:46:20 GMT",
      "X-Content-Type-Options" : "nosniff",
      "X-Blueocean-Refresher" : "7f9ea7cf",
      "Cache-Control" : "no-cache, no-store, no-transform",
      "Content-Type" : "text/plain;charset=utf-8",
      "X-Text-Size" : "14193",
      "X-Text-Delivered" : "14193",
      "Server" : "Jetty(9.4.27.v20200227)"
    }
  },
  "uuid" : "8af6681b-d3a1-4a7e-9a4f-217d6ff17541",
  "persistent" : true,
  "insertionIndex" : 24
}
