[
  {
    "_class": "io.jenkins.blueocean.service.embedded.rest.junit.BlueJUnitTestResult",
    "_links": {
      "stdOut": {
        "_class": "io.jenkins.blueocean.rest.hal.Link",
        "href": "/blue/rest/organizations/jenkins/pipelines/folder/pipelines/mbp/pipelines/branch/runs/49/tests/io.jenkins.blueocean.service.embedded.rest.junit.BlueJUnitTestResult%3ANotifyBuildResultStepTests%253Ajunit%252F(root)%252FNotifyBuildResultStepTests%252Ftest/stdOut/"
      },
      "self": {
        "_class": "io.jenkins.blueocean.rest.hal.Link",
        "href": "/blue/rest/organizations/jenkins/pipelines/folder/pipelines/mbp/pipelines/branch/runs/49/tests/io.jenkins.blueocean.service.embedded.rest.junit.BlueJUnitTestResult%3ANotifyBuildResultStepTests%253Ajunit%252F(root)%252FNotifyBuildResultStepTests%252Ftest/"
      },
      "stdErr": {
        "_class": "io.jenkins.blueocean.rest.hal.Link",
        "href": "/blue/rest/organizations/jenkins/pipelines/folder/pipelines/mbp/pipelines/branch/runs/49/tests/io.jenkins.blueocean.service.embedded.rest.junit.BlueJUnitTestResult%3ANotifyBuildResultStepTests%253Ajunit%252F(root)%252FNotifyBuildResultStepTests%252Ftest/stdErr/"
      }
    },
    "age": 11,
    "duration": 0.15,
    "errorDetails": "GENERATED_ERROR_FOR_RUNNING_THE_UNIT_TESTS_IN_THE_APM_PIPELINE_LIBRARY.1",
    "errorStackTrace": "THIS IS NOT A REAL TEST ERROR!!!!",
    "hasStdLog": true,
    "id": "io.jenkins.blueocean.service.embedded.rest.junit.BlueJUnitTestResult:NotifyBuildResultStepTests%3Ajunit%2F(root)%2FNotifyBuildResultStepTests%2Ftest",
    "name": "test - NotifyBuildResultStepTests",
    "state": "UNKNOWN",
    "status": "FAILED"
  },
  {
    "_class": "io.jenkins.blueocean.service.embedded.rest.junit.BlueJUnitTestResult",
    "_links": {
      "stdOut": {
        "_class": "io.jenkins.blueocean.rest.hal.Link",
        "href": "/blue/rest/organizations/jenkins/pipelines/folder/pipelines/mbp/pipelines/branch/runs/49/tests/io.jenkins.blueocean.service.embedded.rest.junit.BlueJUnitTestResult%3ANotifyBuildResultStepTests%253Ajunit%252F(root)%252FNotifyBuildResultStepTests%252Ftest/stdOut/"
      },
      "self": {
        "_class": "io.jenkins.blueocean.rest.hal.Link",
        "href": "/blue/rest/organizations/jenkins/pipelines/folder/pipelines/mbp/pipelines/branch/runs/49/tests/io.jenkins.blueocean.service.embedded.rest.junit.BlueJUnitTestResult%3ANotifyBuildResultStepTests%253Ajunit%252F(root)%252FNotifyBuildResultStepTests%252Ftest/"
      },
      "stdErr": {
        "_class": "io.jenkins.blueocean.rest.hal.Link",
        "href": "/blue/rest/organizations/jenkins/pipelines/folder/pipelines/mbp/pipelines/branch/runs/49/tests/io.jenkins.blueocean.service.embedded.rest.junit.BlueJUnitTestResult%3ANotifyBuildResultStepTests%253Ajunit%252F(root)%252FNotifyBuildResultStepTests%252Ftest/stdErr/"
      }
    },
    "age": 11,
    "duration": 0.15,
    "errorDetails": "GENERATED_ERROR_FOR_RUNNING_THE_UNIT_TESTS_IN_THE_APM_PIPELINE_LIBRARY.2",
    "errorStackTrace": "THIS IS NOT A REAL TEST ERROR!!!!",
    "hasStdLog": true,
    "id": "io.jenkins.blueocean.service.embedded.rest.junit.BlueJUnitTestResult:NotifyBuildResultStepTests%3Ajunit%2F(root)%2FNotifyBuildResultStepTests%2Ftest",
    "name": "test - NotifyBuildResultStepTests",
    "state": "UNKNOWN",
    "status": "FAILED"
  }
]
